Vanda/proguard-project.txt
# To enable ProGuard in your project, edit project.properties
# to define the proguard.config property as described in that file.
#
# Add project specific ProGuard rules here.
# By default, the flags in this file are appended to flags specified
# in ${sdk.dir}/tools/proguard/proguard-android.txt
# You can edit the include path and order by changing the ProGuard
# include property in project.properties.
#
# For more details, see
#   http://developer.android.com/guide/developing/tools/proguard.html

# Add any project specific keep options here:
-ignorewarnings
#-libraryjars libs/nineoldandroids-2.4.0.jar

# If your project uses WebView with JS, uncomment the following
# and specify the fully qualified class name to the JavaScript interface
# class:
#-keepclassmembers class fqcn.of.javascript.interface.for.webview {
#   public *;
#}

-libraryjars   libs/nineoldandroids-2.4.0.jar
-libraryjars   libs/android-support-v4.jar 
-dontwarn android.support.v4.**  
-keep class android.support.v4.** { *; }
-keep interface android.support.v4.app.** { *; }
-keep public class * extends android.support.v4.**
-keep public class * extends android.app.Fragment

-optimizationpasses 5
-dontusemixedcaseclassnames
-ignorewarning
-dontskipnonpubliclibraryclasses
-dontoptimize
-verbose

-optimizations !code/simplification/arithmetic,!field/*,!class/merging/*


-keep public class * extends android.app.Fragment  
-keep public class * extends android.app.Activity
-keep public class * extends android.app.Application
-keep public class * extends android.app.Service
-keep public class * extends android.content.BroadcastReceiver
-keep public class * extends android.content.ContentProvider
-keep public class * extends android.app.backup.BackupAgentHelper
-keep public class * extends android.preference.Preference
-keep public class * extends android.support.v4.**
-keep public class com.android.vending.licensing.ILicensingService

-keepclasseswithmembernames class * {
    native <methods>;
}

-keepclasseswithmembers class * {
    public <init>(android.content.Context, android.util.AttributeSet);
}

-keepclasseswithmembers class * {
    public <init>(android.content.Context, android.util.AttributeSet, int);
}

-keepclassmembers class * extends android.app.Activity {
   public void *(android.view.View);
}

-keepclassmembers enum * {
    public static **[] values();
    public static ** valueOf(java.lang.String);
}

-keep class * implements android.os.Parcelable {
  public static final android.os.Parcelable$Creator *;
}

-keepclasseswithmembers class * {
    public <init>(android.content.Context);
}
-dontshrink
-dontoptimize
-dontwarn com.google.android.maps.**
-dontwarn android.webkit.WebView
-dontwarn com.umeng.**
-dontwarn com.tencent.weibo.sdk.**
-dontwarn com.facebook.**
-keep enum com.facebook.**
-keepattributes Exceptions,InnerClasses,Signature
-keepattributes *Annotation*
-keepattributes SourceFile,LineNumberTable
-keep public interface com.facebook.**
-keep public interface com.tencent.**
-keep public interface com.umeng.socialize.**
-keep public interface com.umeng.socialize.sensor.**
-keep public interface com.umeng.scrshot.**
-keep public class com.umeng.socialize.* {*;}
-keep public class javax.**
-keep public class android.webkit.**
-keep class com.facebook.**
-keep class com.umeng.scrshot.**
-keep public class com.tencent.** {*;}
-keep class com.umeng.socialize.sensor.**
-keep class com.tencent.mm.sdk.openapi.WXMediaMessage {*;}
-keep class com.tencent.mm.sdk.openapi.** implements com.tencent.mm.sdk.openapi.WXMediaMessage$IMediaObject {*;}
-keep class im.yixin.sdk.api.YXMessage {*;}
-keep class im.yixin.sdk.api.** implements im.yixin.sdk.api.YXMessage$YXMessageData{*;}
#-keep public class [your_pkg].R$*{
 #   public static final int *;
#}


# Gson specific classes
-keep class sun.misc.Unsafe { *; }
-keep class com.google.gson.stream.** { *; }

# Application classes that will be serialized/deserialized over Gson
-keep class com.google.gson.examples.android.model.** { *; }


-keep class com.test.model.response.** {*;}

-dontwarn android.support.v4.**
-keep class android.support.v4.** {*;}

-dontwarn com.actionbarsherlock.**
-keep class com.actionbarsherlock.** {*;}

-dontwarn com.vanda.vandalibnetwork.**
-keep class com.vanda.vandalibnetwork.** {*;}

-dontwarn com.android.volley.**
-keep class com.android.volley.** {*;}

-dontwarn uk.co.senab.actionbarpulltorefresh.library.**
-keep class uk.co.senab.actionbarpulltorefresh.library.** {*;}



-dontwarn com.handmark.pulltorefresh.library.**
-keep class com.handmark.pulltorefresh.library.** {*;}

-dontwarn com.vanda.beivandalibnetworkdemo.**
-keep class com.vanda.beivandalibnetworkdemo.** {*;}

-keep class * implements android.os.Parcelable {
  public static final android.os.Parcelable$Creator *;
}
-keep class **.R$* {  
 *;  
}
-keep public class * extends android.view.View {
    public <init>(android.content.Context);
    public <init>(android.content.Context, android.util.AttributeSet);
    public <init>(android.content.Context, android.util.AttributeSet, int);
    public void set*(...);
}

-keepclassmembers class **.R$* {
    public static <fields>;
}

-keepnames class * implements java.io.Serializable

-keepclassmembers class * implements java.io.Serializable {
   static final long serialVersionUID;
   private static final java.io.ObjectStreamField[] serialPersistentFields;
   !static !transient <fields>;
   private void writeObject(java.io.ObjectOutputStream);
   private void readObject(java.io.ObjectInputStream);
   java.lang.Object writeReplace();
   java.lang.Object readResolve();
}