Vanda/proguard/seeds.txt
com.vanda.beivandalibnetworkdemo.R$anim: int fade_in
com.vanda.beivandalibnetworkdemo.R$anim: int fade_out
com.vanda.beivandalibnetworkdemo.R$anim: int layout_down_animation
com.vanda.beivandalibnetworkdemo.R$anim: int layout_up_animation
com.vanda.beivandalibnetworkdemo.R$anim: int progress
com.vanda.beivandalibnetworkdemo.R$anim: int progress_large_loading
com.vanda.beivandalibnetworkdemo.R$anim: int progress_loading
com.vanda.beivandalibnetworkdemo.R$anim: int pulldown_fade_in
com.vanda.beivandalibnetworkdemo.R$anim: int pulldown_fade_out
com.vanda.beivandalibnetworkdemo.R$anim: int push_bottom_in
com.vanda.beivandalibnetworkdemo.R$anim: int push_bottom_out
com.vanda.beivandalibnetworkdemo.R$anim: int push_right_in
com.vanda.beivandalibnetworkdemo.R$anim: int push_right_out
com.vanda.beivandalibnetworkdemo.R$anim: int slide_in_from_bottom
com.vanda.beivandalibnetworkdemo.R$anim: int slide_in_from_top
com.vanda.beivandalibnetworkdemo.R$anim: int slide_out_to_bottom
com.vanda.beivandalibnetworkdemo.R$anim: int slide_out_to_top
com.vanda.beivandalibnetworkdemo.R$array: int bbs_main_class
com.vanda.beivandalibnetworkdemo.R$array: int bbs_main_class_id
com.vanda.beivandalibnetworkdemo.R$array: int bbs_sub_class_0
com.vanda.beivandalibnetworkdemo.R$array: int bbs_sub_class_1
com.vanda.beivandalibnetworkdemo.R$array: int bbs_sub_class_2
com.vanda.beivandalibnetworkdemo.R$array: int bbs_sub_class_3
com.vanda.beivandalibnetworkdemo.R$array: int bbs_sub_class_4
com.vanda.beivandalibnetworkdemo.R$array: int bbs_sub_class_5
com.vanda.beivandalibnetworkdemo.R$array: int bbs_sub_class_6
com.vanda.beivandalibnetworkdemo.R$array: int bbs_sub_class_id_0
com.vanda.beivandalibnetworkdemo.R$array: int bbs_sub_class_id_1
com.vanda.beivandalibnetworkdemo.R$array: int bbs_sub_class_id_2
com.vanda.beivandalibnetworkdemo.R$array: int bbs_sub_class_id_3
com.vanda.beivandalibnetworkdemo.R$array: int bbs_sub_class_id_4
com.vanda.beivandalibnetworkdemo.R$array: int bbs_sub_class_id_5
com.vanda.beivandalibnetworkdemo.R$array: int bbs_sub_class_id_6
com.vanda.beivandalibnetworkdemo.R$array: int news_class
com.vanda.beivandalibnetworkdemo.R$array: int news_class_id
com.vanda.beivandalibnetworkdemo.R$array: int news_focus_id
com.vanda.beivandalibnetworkdemo.R$array: int pic_class
com.vanda.beivandalibnetworkdemo.R$array: int pic_class_id
com.vanda.beivandalibnetworkdemo.R$array: int pic_forum
com.vanda.beivandalibnetworkdemo.R$array: int pic_forum_id
com.vanda.beivandalibnetworkdemo.R$attr: int actionBarDivider
com.vanda.beivandalibnetworkdemo.R$attr: int actionBarItemBackground
com.vanda.beivandalibnetworkdemo.R$attr: int actionBarSize
com.vanda.beivandalibnetworkdemo.R$attr: int actionBarSplitStyle
com.vanda.beivandalibnetworkdemo.R$attr: int actionBarStyle
com.vanda.beivandalibnetworkdemo.R$attr: int actionBarTabBarStyle
com.vanda.beivandalibnetworkdemo.R$attr: int actionBarTabStyle
com.vanda.beivandalibnetworkdemo.R$attr: int actionBarTabTextStyle
com.vanda.beivandalibnetworkdemo.R$attr: int actionBarWidgetTheme
com.vanda.beivandalibnetworkdemo.R$attr: int actionButtonStyle
com.vanda.beivandalibnetworkdemo.R$attr: int actionDropDownStyle
com.vanda.beivandalibnetworkdemo.R$attr: int actionMenuTextAppearance
com.vanda.beivandalibnetworkdemo.R$attr: int actionMenuTextColor
com.vanda.beivandalibnetworkdemo.R$attr: int actionModeBackground
com.vanda.beivandalibnetworkdemo.R$attr: int actionModeCloseButtonStyle
com.vanda.beivandalibnetworkdemo.R$attr: int actionModeCloseDrawable
com.vanda.beivandalibnetworkdemo.R$attr: int actionModePopupWindowStyle
com.vanda.beivandalibnetworkdemo.R$attr: int actionModeShareDrawable
com.vanda.beivandalibnetworkdemo.R$attr: int actionModeSplitBackground
com.vanda.beivandalibnetworkdemo.R$attr: int actionModeStyle
com.vanda.beivandalibnetworkdemo.R$attr: int actionOverflowButtonStyle
com.vanda.beivandalibnetworkdemo.R$attr: int actionSpinnerItemStyle
...
android.support.v4.accessibilityservice.AccessibilityServiceInfoCompat$AccessibilityServiceInfoJellyBeanMr2
android.support.v4.accessibilityservice.AccessibilityServiceInfoCompat$AccessibilityServiceInfoJellyBeanMr2: AccessibilityServiceInfoCompat$AccessibilityServiceInfoJellyBeanMr2()
android.support.v4.accessibilityservice.AccessibilityServiceInfoCompat$AccessibilityServiceInfoJellyBeanMr2: int getCapabilities(android.accessibilityservice.AccessibilityServiceInfo)
android.support.v4.accessibilityservice.AccessibilityServiceInfoCompat$AccessibilityServiceInfoStubImpl
android.support.v4.accessibilityservice.AccessibilityServiceInfoCompat$AccessibilityServiceInfoStubImpl: AccessibilityServiceInfoCompat$AccessibilityServiceInfoStubImpl()
android.support.v4.accessibilityservice.AccessibilityServiceInfoCompat$AccessibilityServiceInfoStubImpl: boolean getCanRetrieveWindowContent(android.accessibilityservice.AccessibilityServiceInfo)
android.support.v4.accessibilityservice.AccessibilityServiceInfoCompat$AccessibilityServiceInfoStubImpl: java.lang.String getDescription(android.accessibilityservice.AccessibilityServiceInfo)
android.support.v4.accessibilityservice.AccessibilityServiceInfoCompat$AccessibilityServiceInfoStubImpl: java.lang.String getId(android.accessibilityservice.AccessibilityServiceInfo)
android.support.v4.accessibilityservice.AccessibilityServiceInfoCompat$AccessibilityServiceInfoStubImpl: android.content.pm.ResolveInfo getResolveInfo(android.accessibilityservice.AccessibilityServiceInfo)
android.support.v4.accessibilityservice.AccessibilityServiceInfoCompat$AccessibilityServiceInfoStubImpl: java.lang.String getSettingsActivityName(android.accessibilityservice.AccessibilityServiceInfo)
android.support.v4.accessibilityservice.AccessibilityServiceInfoCompat$AccessibilityServiceInfoStubImpl: int getCapabilities(android.accessibilityservice.AccessibilityServiceInfo)
android.support.v4.accessibilityservice.AccessibilityServiceInfoCompat$AccessibilityServiceInfoVersionImpl
android.support.v4.accessibilityservice.AccessibilityServiceInfoCompat$AccessibilityServiceInfoVersionImpl: java.lang.String getId(android.accessibilityservice.AccessibilityServiceInfo)
android.support.v4.accessibilityservice.AccessibilityServiceInfoCompat$AccessibilityServiceInfoVersionImpl: android.content.pm.ResolveInfo getResolveInfo(android.accessibilityservice.AccessibilityServiceInfo)
android.support.v4.accessibilityservice.AccessibilityServiceInfoCompat$AccessibilityServiceInfoVersionImpl: boolean getCanRetrieveWindowContent(android.accessibilityservice.AccessibilityServiceInfo)
android.support.v4.accessibilityservice.AccessibilityServiceInfoCompat$AccessibilityServiceInfoVersionImpl: java.lang.String getDescription(android.accessibilityservice.AccessibilityServiceInfo)
android.support.v4.accessibilityservice.AccessibilityServiceInfoCompat$AccessibilityServiceInfoVersionImpl: java.lang.String getSettingsActivityName(android.accessibilityservice.AccessibilityServiceInfo)
android.support.v4.accessibilityservice.AccessibilityServiceInfoCompat$AccessibilityServiceInfoVersionImpl: int getCapabilities(android.accessibilityservice.AccessibilityServiceInfo)