Vanda/proguard/mapping.txt
com.vanda.beivandalibnetworkdemo.R$styleable -> fF:
    int[] CirclePageIndicator -> CirclePageIndicator
    int CirclePageIndicator_android_background -> CirclePageIndicator_android_background
    int CirclePageIndicator_android_orientation -> CirclePageIndicator_android_orientation
    int CirclePageIndicator_centered -> CirclePageIndicator_centered
    int CirclePageIndicator_fillColor -> CirclePageIndicator_fillColor
    int CirclePageIndicator_pageColor -> CirclePageIndicator_pageColor
    int CirclePageIndicator_radius -> CirclePageIndicator_radius
    int CirclePageIndicator_snap -> CirclePageIndicator_snap
    int CirclePageIndicator_strokeColor -> CirclePageIndicator_strokeColor
    int CirclePageIndicator_strokeWidth -> CirclePageIndicator_strokeWidth
    int[] LinePageIndicator -> LinePageIndicator
    int LinePageIndicator_android_background -> LinePageIndicator_android_background
    int LinePageIndicator_centered -> LinePageIndicator_centered
    int LinePageIndicator_gapWidth -> LinePageIndicator_gapWidth
    int LinePageIndicator_lineWidth -> LinePageIndicator_lineWidth
    int LinePageIndicator_selectedColor -> LinePageIndicator_selectedColor
    int LinePageIndicator_strokeWidth -> LinePageIndicator_strokeWidth
    int LinePageIndicator_unselectedColor -> LinePageIndicator_unselectedColor
    int[] PagerSlidingTabStrip -> PagerSlidingTabStrip
    int PagerSlidingTabStrip_pstsDividerColor -> PagerSlidingTabStrip_pstsDividerColor
...
com.actionbarsherlock.internal.widget.PopupWindowCompat$1 -> com.actionbarsherlock.internal.widget.PopupWindowCompat$1:
    57:57:void onScrollChanged() -> onScrollChanged
com.actionbarsherlock.internal.widget.ScrollingTabContainerView -> com.actionbarsherlock.internal.widget.ScrollingTabContainerView:
    java.lang.Runnable mTabSelector -> mTabSelector
    com.actionbarsherlock.internal.widget.ScrollingTabContainerView$TabClickListener mTabClickListener -> mTabClickListener
    com.actionbarsherlock.internal.widget.IcsLinearLayout mTabLayout -> mTabLayout
    com.actionbarsherlock.internal.widget.IcsSpinner mTabSpinner -> mTabSpinner
    boolean mAllowCollapse -> mAllowCollapse
    android.view.LayoutInflater mInflater -> mInflater
    int mMaxTabWidth -> mMaxTabWidth
    int mContentHeight -> mContentHeight
    int mSelectedTabIndex -> mSelectedTabIndex
    com.actionbarsherlock.internal.nineoldandroids.animation.Animator mVisibilityAnim -> mVisibilityAnim
    com.actionbarsherlock.internal.widget.ScrollingTabContainerView$VisibilityAnimListener mVisAnimListener -> mVisAnimListener
    android.view.animation.Interpolator sAlphaInterpolator -> sAlphaInterpolator
    int FADE_DURATION -> FADE_DURATION
    86:126:void onMeasure(int,int) -> onMeasure
    134:134:boolean isCollapsed() -> isCollapsed
    138:139:void setAllowCollapse(boolean) -> setAllowCollapse
    142:158:void performCollapse() -> performCollapse
    161:167:boolean performExpand() -> performExpand
    171:181:void setTabSelected(int) -> setTabSelected
    184:186:void setContentHeight(int) -> setContentHeight
com.actionbarsherlock.internal.widget.ScrollingTabContainerView$1 -> com.actionbarsherlock.internal.widget.ScrollingTabContainerView$1:
    com.actionbarsherlock.internal.widget.ScrollingTabContainerView this$0 -> this$0
    android.view.View val$tabView -> val$tabView
    249:252:void run() -> run
com.actionbarsherlock.internal.widget.ScrollingTabContainerView$TabAdapter -> com.actionbarsherlock.internal.widget.ScrollingTabContainerView$TabAdapter:
    com.actionbarsherlock.internal.widget.ScrollingTabContainerView this$0 -> this$0
    477:477:int getCount() -> getCount
    482:482:java.lang.Object getItem(int) -> getItem
    487:487:long getItemId(int) -> getItemId
    492:497:android.view.View getView(int,android.view.View,android.view.ViewGroup) -> getView
com.actionbarsherlock.internal.widget.ScrollingTabContainerView$TabClickListener -> com.actionbarsherlock.internal.widget.ScrollingTabContainerView$TabClickListener:
    com.actionbarsherlock.internal.widget.ScrollingTabContainerView this$0 -> this$0
    503:510:void onClick(android.view.View) -> onClick
com.actionbarsherlock.internal.widget.ScrollingTabContainerView$TabView -> com.actionbarsherlock.internal.widget.ScrollingTabContainerView$TabView:
    com.actionbarsherlock.internal.widget.ScrollingTabContainerView mParent -> mParent
    com.actionbarsherlock.app.ActionBar$Tab mTab -> mTab
    com.actionbarsherlock.internal.widget.CapitalizingTextView mTextView -> mTextView
    android.widget.ImageView mIconView -> mIconView
    android.view.View mCustomView -> mCustomView
    377:385:void init(com.actionbarsherlock.internal.widget.ScrollingTabContainerView,com.actionbarsherlock.app.ActionBar$Tab,boolean) -> init
    388:390:void bindTab(com.actionbarsherlock.app.ActionBar$Tab) -> bindTab
    394:401:void onMeasure(int,int) -> onMeasure
    404:467:void update() -> update
    470:470:com.actionbarsherlock.app.ActionBar$Tab getTab() -> getTab