Vanda/proguard/usage.txt
com.vanda.beivandalibnetworkdemo.BuildConfig
com.vanda.beivandalibnetworkdemo.R:
    10:10:public R()
com.vanda.beivandalibnetworkdemo.R$anim
com.vanda.beivandalibnetworkdemo.R$array
com.vanda.beivandalibnetworkdemo.R$attr
com.vanda.beivandalibnetworkdemo.R$bool
com.vanda.beivandalibnetworkdemo.R$color
com.vanda.beivandalibnetworkdemo.R$dimen
com.vanda.beivandalibnetworkdemo.R$drawable
com.vanda.beivandalibnetworkdemo.R$id
com.vanda.beivandalibnetworkdemo.R$integer
com.vanda.beivandalibnetworkdemo.R$layout
com.vanda.beivandalibnetworkdemo.R$menu
com.vanda.beivandalibnetworkdemo.R$string
com.vanda.beivandalibnetworkdemo.R$style
com.vanda.beivandalibnetworkdemo.R$styleable:
    3113:3113:public R$styleable()
...
com.vanda.beivandalibnetwork.fragment.FragmentSuper:
    69:71:public void updateData()
com.vanda.beivandalibnetwork.fragment.InformationFragment:
    70:71:public void updateData()
com.vanda.beivandalibnetwork.fragment.JingXuanFragment:
    290:290:protected void addArrayListData(com.vanda.beivandalibnetwork.pojo.JingXuan)
    420:423:public void loadFirstPageAndScrollToTop()
com.vanda.beivandalibnetwork.pojo.BrandData:
    public int prodId
    public int hot
    public int stock
    public int totalOrders
com.vanda.beivandalibnetwork.pojo.BrandData$Brand:
    final synthetic com.vanda.beivandalibnetwork.pojo.BrandData this$0
    22:22:public BrandData$Brand(com.vanda.beivandalibnetwork.pojo.BrandData)
com.vanda.beivandalibnetwork.pojo.BrandData$BrandDataFilter:
    final synthetic com.vanda.beivandalibnetwork.pojo.BrandData this$0
    17:17:public BrandData$BrandDataFilter(com.vanda.beivandalibnetwork.pojo.BrandData)
com.vanda.beivandalibnetwork.pojo.FragmentIds
com.vanda.beivandalibnetwork.pojo.ImageViewPoJo:
    public java.util.ArrayList data
    5:5:public ImageViewPoJo()
com.vanda.beivandalibnetwork.pojo.ImageViewPoJo$Data:
    public java.lang.String date
    public java.lang.String doc_title
    final synthetic com.vanda.beivandalibnetwork.pojo.ImageViewPoJo this$0
    9:9:public ImageViewPoJo$Data(com.vanda.beivandalibnetwork.pojo.ImageViewPoJo)
com.vanda.beivandalibnetwork.pojo.ImageViewPoJo$Pic:
    public java.lang.String pic_datil
    public java.lang.String sl
    public java.lang.String web_url
    final synthetic com.vanda.beivandalibnetwork.pojo.ImageViewPoJo this$0
    15:15:public ImageViewPoJo$Pic(com.vanda.beivandalibnetwork.pojo.ImageViewPoJo)
com.vanda.beivandalibnetwork.pojo.InformationData
com.vanda.beivandalibnetwork.pojo.InformationData$Information
com.vanda.beivandalibnetwork.pojo.InformationData$TotalPage
com.vanda.beivandalibnetwork.pojo.InformationIndication:
    public java.lang.String type
    public java.lang.String url
    public java.lang.String date
    public int comment_page_num
    public int comments_num
    public java.lang.String more_comment_url
    public java.lang.String author
com.vanda.beivandalibnetwork.pojo.JingXuan$Data:
    public java.lang.String doc_url
    public int comment_page_num
    public java.lang.String comments_num
    public java.lang.String more_comment_url
com.vanda.beivandalibnetwork.pojo.JingXuan$TotalPage
com.vanda.beivandalibnetwork.pojo.SS:
    public com.vanda.beivandalibnetwork.pojo.SS$Forumname forumname
    public int cid
com.vanda.beivandalibnetwork.pojo.SS$Forumname
com.vanda.beivandalibnetwork.pojo.SS$List:
    public java.lang.String doc_url
    public int comment_page_num
    public int comments_num
    public java.lang.String more_comment_url
    final synthetic com.vanda.beivandalibnetwork.pojo.SS this$0
    25:25:public SS$List(com.vanda.beivandalibnetwork.pojo.SS)
com.vanda.beivandalibnetwork.pojo.SS$Totalpage:
    final synthetic com.vanda.beivandalibnetwork.pojo.SS this$0
    11:11:public SS$Totalpage(com.vanda.beivandalibnetwork.pojo.SS)
com.vanda.beivandalibnetwork.url.Urls:
    public static final java.lang.String IMAGE_URL_HEAD
    public static final java.lang.String DATA_URL_HEAD
    public static final java.lang.String BRANDFILTER_URL_DATA
    public static final java.lang.String SS_URL
    public static final java.lang.String DASHI_URL
    public static final java.lang.String INFORMATION_URL
    public static final java.lang.String INFORMATION_IMAGE_URL
    public static final java.lang.String JINGXUAN_URL
    6:6:public Urls()
com.vanda.beivandalibnetwork.utils.Blur:
    18:18:public Blur()
com.vanda.beivandalibnetwork.utils.BlurFoldingActionBarToggle:
    private static final int DEFAULT_RADIUS
    private static final int DEFAULT_DOWN_SAMPLING
com.vanda.beivandalibnetwork.utils.CommonUtils